<?xml version="1.0" encoding="UTF-8"?>
<!-- Generated by org.testng.reporters.JUnitReportReporter -->
<testsuite hostname="DESKTOP-L37KK2L" failures="0" tests="1" name="com.inetHome.TestCases1.TC_LoginTest_001" time="4.522" errors="0" timestamp="2021-07-09T01:34:53 IST" skipped="0">
  <testcase classname="com.inetHome.TestCases1.TC_LoginTest_001" name="loginTest" time="4.522"/>
  <system-out/>
</testsuite> <!-- com.inetHome.TestCases1.TC_LoginTest_001 -->
