<?xml version="1.0" encoding="UTF-8"?>
<!-- Generated by org.testng.reporters.JUnitReportReporter -->
<testsuite hostname="DESKTOP-L37KK2L" failures="0" tests="1" name="com.inetHome.TestCases1.TC_AddCustomerTest_003" time="17.498" errors="0" timestamp="2021-07-05T18:19:47 IST" skipped="0">
  <testcase classname="com.inetHome.TestCases1.TC_AddCustomerTest_003" name="addNewCustomer" time="17.498"/>
  <system-out/>
</testsuite> <!-- com.inetHome.TestCases1.TC_AddCustomerTest_003 -->
